18:10:33,760 INFO  net.codjo.plugin.server.ServerCoreMock - Utilisation de la configuration surcharge : file:C:\Documents and Settings\GALABER\log4j.properties
18:10:33,792 INFO  net.codjo.plugin.server.ServerCoreMock - Utilisation de la configuration surcharge : file:C:\Documents and Settings\GALABER\log4j.properties
18:10:33,807 INFO  net.codjo.plugin.server.ServerCoreMock - Utilisation de la configuration surcharge : file:C:\Documents and Settings\GALABER\log4j.properties
18:10:33,807 INFO  net.codjo.plugin.server.ServerCoreMock - Utilisation de la configuration surcharge : file:C:\Documents and Settings\GALABER\log4j.properties
18:10:33,807 INFO  net.codjo.plugin.server.ServerCoreMock - Utilisation de la configuration surcharge : file:C:\Documents and Settings\GALABER\log4j.properties
18:10:33,823 INFO  net.codjo.plugin.server.ServerCoreMock - Utilisation de la configuration surcharge : file:C:\Documents and Settings\GALABER\log4j.properties
18:10:33,823 INFO  net.codjo.plugin.server.ServerCoreMock - Utilisation de la configuration surcharge : file:C:\Documents and Settings\GALABER\log4j.properties
18:10:33,823 INFO  net.codjo.plugin.server.ServerCoreMock - Utilisation de la configuration surcharge : file:C:\Documents and Settings\GALABER\log4j.properties
18:10:33,838 INFO  net.codjo.plugin.server.ServerCoreMock - Utilisation de la configuration surcharge : file:C:\Documents and Settings\GALABER\log4j.properties
18:10:33,838 INFO  net.codjo.plugin.server.ServerCoreMock - Utilisation de la configuration surcharge : file:C:\Documents and Settings\GALABER\log4j.properties
18:10:33,838 INFO  net.codjo.plugin.server.ServerCoreMock - Utilisation de la configuration surcharge : file:C:\Documents and Settings\GALABER\log4j.properties
18:10:33,870 INFO  net.codjo.plugin.server.ServerCoreMock - Utilisation de la configuration surcharge : file:C:\Documents and Settings\GALABER\log4j.properties
18:10:33,885 INFO  net.codjo.agent.imtp.NoConnectionIMTPManager - Demarrage du 'NoConnectionIMTPManager' : Communication intra-platform bloquee
18:10:34,260 INFO  net.codjo.agent.imtp.NoConnectionIMTPManager - Demarrage du 'NoConnectionIMTPManager' : Communication intra-platform bloquee
18:10:34,307 INFO  net.codjo.agent.imtp.NoConnectionIMTPManager - Demarrage du 'NoConnectionIMTPManager' : Communication intra-platform bloquee
18:10:34,401 INFO  net.codjo.agent.imtp.NoConnectionIMTPManager - Demarrage du 'NoConnectionIMTPManager' : Communication intra-platform bloquee
18:10:34,417 INFO  net.codjo.agent.imtp.NoConnectionIMTPManager - Demarrage du 'NoConnectionIMTPManager' : Communication intra-platform bloquee
18:10:34,479 INFO  net.codjo.agent.imtp.NoConnectionIMTPManager - Demarrage du 'NoConnectionIMTPManager' : Communication intra-platform bloquee
18:10:34,510 INFO  net.codjo.agent.imtp.NoConnectionIMTPManager - Demarrage du 'NoConnectionIMTPManager' : Communication intra-platform bloquee
18:10:34,557 ERROR net.codjo.administration.server.operation.configuration.AdministrationServerConfigurationAgent - Impossible d'activer le service newService
java.lang.Exception: service inconnu
	at net.codjo.administration.server.operation.configuration.AdministrationServerConfigurationAgent$MyAbstractRequestParticipantHandler.enableService(AdministrationServerConfigurationAgent.java:203)
	at net.codjo.administration.server.operation.configuration.AdministrationServerConfigurationAgent$MyAbstractRequestParticipantHandler.executeRequest(AdministrationServerConfigurationAgent.java:165)
	at net.codjo.agent.protocol.RequestParticipant$ParticipantBehaviorAdapter.prepareResultNotification(RequestParticipant.java:60)
	at jade.proto.AchieveREResponder$PrepareResult.action(AchieveREResponder.java:167)
	at jade.core.behaviours.Behaviour.actionWrapper(Behaviour.java:340)
	at jade.core.behaviours.CompositeBehaviour.action(CompositeBehaviour.java:109)
	at jade.core.behaviours.Behaviour.actionWrapper(Behaviour.java:340)
	at jade.core.Agent$ActiveLifeCycle.execute(Agent.java:1463)
	at jade.core.Agent.run(Agent.java:1401)
	at java.lang.Thread.run(Thread.java:595)
18:10:34,557 INFO  net.codjo.agent.imtp.NoConnectionIMTPManager - Demarrage du 'NoConnectionIMTPManager' : Communication intra-platform bloquee
18:10:34,573 INFO  net.codjo.agent.imtp.NoConnectionIMTPManager - Demarrage du 'NoConnectionIMTPManager' : Communication intra-platform bloquee
18:10:34,620 INFO  net.codjo.agent.imtp.NoConnectionIMTPManager - Demarrage du 'NoConnectionIMTPManager' : Communication intra-platform bloquee
18:10:34,651 INFO  net.codjo.agent.imtp.NoConnectionIMTPManager - Demarrage du 'NoConnectionIMTPManager' : Communication intra-platform bloquee
18:10:34,698 INFO  net.codjo.agent.imtp.NoConnectionIMTPManager - Demarrage du 'NoConnectionIMTPManager' : Communication intra-platform bloquee
18:10:34,729 INFO  net.codjo.agent.imtp.NoConnectionIMTPManager - Demarrage du 'NoConnectionIMTPManager' : Communication intra-platform bloquee
18:10:34,745 INFO  net.codjo.agent.imtp.NoConnectionIMTPManager - Demarrage du 'NoConnectionIMTPManager' : Communication intra-platform bloquee
18:10:34,823 INFO  net.codjo.agent.imtp.NoConnectionIMTPManager - Demarrage du 'NoConnectionIMTPManager' : Communication intra-platform bloquee
18:10:34,854 INFO  net.codjo.agent.imtp.NoConnectionIMTPManager - Demarrage du 'NoConnectionIMTPManager' : Communication intra-platform bloquee
18:10:34,885 INFO  net.codjo.agent.imtp.NoConnectionIMTPManager - Demarrage du 'NoConnectionIMTPManager' : Communication intra-platform bloquee
18:10:34,885 INFO  net.codjo.agent.imtp.NoConnectionIMTPManager - Demarrage du 'NoConnectionIMTPManager' : Communication intra-platform bloquee
18:10:34,901 ERROR net.codjo.administration.server.operation.plugin.PluginManagerAgent - Impossible de démarrer le plugin SecurityManagerPlugin
java.lang.RuntimeException: Erreur !!!
	at net.codjo.administration.server.operation.plugin.PluginManagerAgentTest$1.startPlugin(PluginManagerAgentTest.java:93)
	at net.codjo.administration.server.operation.plugin.PluginManagerAgent$MyAbstractRequestParticipantHandler.startPlugin(PluginManagerAgent.java:88)
	at net.codjo.administration.server.operation.plugin.PluginManagerAgent$MyAbstractRequestParticipantHandler.executeRequest(PluginManagerAgent.java:72)
	at net.codjo.agent.protocol.RequestParticipant$ParticipantBehaviorAdapter.prepareResultNotification(RequestParticipant.java:60)
	at jade.proto.AchieveREResponder$PrepareResult.action(AchieveREResponder.java:167)
	at jade.core.behaviours.Behaviour.actionWrapper(Behaviour.java:340)
	at jade.core.behaviours.CompositeBehaviour.action(CompositeBehaviour.java:109)
	at jade.core.behaviours.Behaviour.actionWrapper(Behaviour.java:340)
	at jade.core.Agent$ActiveLifeCycle.execute(Agent.java:1463)
	at jade.core.Agent.run(Agent.java:1401)
	at java.lang.Thread.run(Thread.java:595)
18:10:34,901 INFO  net.codjo.agent.imtp.NoConnectionIMTPManager - Demarrage du 'NoConnectionIMTPManager' : Communication intra-platform bloquee
18:10:34,917 INFO  net.codjo.agent.imtp.NoConnectionIMTPManager - Demarrage du 'NoConnectionIMTPManager' : Communication intra-platform bloquee
18:10:34,917 ERROR net.codjo.administration.server.operation.plugin.PluginManagerAgent - Impossible d'arrêter le plugin SecurityManagerPlugin
java.lang.RuntimeException: Erreur !!!
	at net.codjo.administration.server.operation.plugin.PluginManagerAgentTest$2.stopPlugin(PluginManagerAgentTest.java:159)
	at net.codjo.administration.server.operation.plugin.PluginManagerAgent$MyAbstractRequestParticipantHandler.stopPlugin(PluginManagerAgent.java:105)
	at net.codjo.administration.server.operation.plugin.PluginManagerAgent$MyAbstractRequestParticipantHandler.executeRequest(PluginManagerAgent.java:75)
	at net.codjo.agent.protocol.RequestParticipant$ParticipantBehaviorAdapter.prepareResultNotification(RequestParticipant.java:60)
	at jade.proto.AchieveREResponder$PrepareResult.action(AchieveREResponder.java:167)
	at jade.core.behaviours.Behaviour.actionWrapper(Behaviour.java:340)
	at jade.core.behaviours.CompositeBehaviour.action(CompositeBehaviour.java:109)
	at jade.core.behaviours.Behaviour.actionWrapper(Behaviour.java:340)
	at jade.core.Agent$ActiveLifeCycle.execute(Agent.java:1463)
	at jade.core.Agent.run(Agent.java:1401)
	at java.lang.Thread.run(Thread.java:595)
18:10:34,932 INFO  net.codjo.agent.imtp.NoConnectionIMTPManager - Demarrage du 'NoConnectionIMTPManager' : Communication intra-platform bloquee
18:10:34,963 INFO  net.codjo.agent.imtp.NoConnectionIMTPManager - Demarrage du 'NoConnectionIMTPManager' : Communication intra-platform bloquee
18:10:35,026 INFO  net.codjo.administration.server.operation.plugin.DefaultPluginManagerTest$MyServerCoreMock - Utilisation de la configuration surcharge : file:C:\Documents and Settings\GALABER\log4j.properties
18:10:35,026 INFO  net.codjo.administration.server.operation.plugin.DefaultPluginManagerTest$MyServerCoreMock - Utilisation de la configuration surcharge : file:C:\Documents and Settings\GALABER\log4j.properties
18:10:35,042 INFO  net.codjo.administration.server.operation.plugin.DefaultPluginManagerTest$MyServerCoreMock - Utilisation de la configuration surcharge : file:C:\Documents and Settings\GALABER\log4j.properties
18:10:35,042 INFO  net.codjo.agent.imtp.NoConnectionIMTPManager - Demarrage du 'NoConnectionIMTPManager' : Communication intra-platform bloquee
